{"meta": {"format": 3, "version": "7.8.0", "timestamp": "2025-04-19T14:19:35.910059", "branch_coverage": false, "show_contexts": false}, "files": {"src/__init__.py": {"executed_lines": [], "summary": {"covered_lines": 0, "num_statements": 0, "percent_covered": 100.0, "percent_covered_display": "100", "missing_lines": 0, "excluded_lines": 0}, "missing_lines": [], "excluded_lines": [], "functions": {"": {"executed_lines": [], "summary": {"covered_lines": 0, "num_statements": 0, "percent_covered": 100.0, "percent_covered_display": "100", "missing_lines": 0, "excluded_lines": 0}, "missing_lines": [], "excluded_lines": []}}, "classes": {"": {"executed_lines": [], "summary": {"covered_lines": 0, "num_statements": 0, "percent_covered": 100.0, "percent_covered_display": "100", "missing_lines": 0, "excluded_lines": 0}, "missing_lines": [], "excluded_lines": []}}}, "src/zeroth_law/__init__.py": {"executed_lines": [], "summary": {"covered_lines": 0, "num_statements": 0, "percent_covered": 100.0, "percent_covered_display": "100", "missing_lines": 0, "excluded_lines": 0}, "missing_lines": [], "excluded_lines": [], "functions": {"": {"executed_lines": [], "summary": {"covered_lines": 0, "num_statements": 0, "percent_covered": 100.0, "percent_covered_display": "100", "missing_lines": 0, "excluded_lines": 0}, "missing_lines": [], "excluded_lines": []}}, "classes": {"": {"executed_lines": [], "summary": {"covered_lines": 0, "num_statements": 0, "percent_covered": 100.0, "percent_covered_display": "100", "missing_lines": 0, "excluded_lines": 0}, "missing_lines": [], "excluded_lines": []}}}, "src/zeroth_law/action_runner.py": {"executed_lines": [], "summary": {"covered_lines": 0, "num_statements": 120, "percent_covered": 0.0, "percent_covered_display": "0", "missing_lines": 120, "excluded_lines": 0}, "missing_lines": [4, 5, 6, 7, 8, 10, 14, 17, 24, 26, 32, 33, 34, 35, 38, 40, 41, 42, 44, 45, 46, 51, 52, 58, 61, 69, 72, 74, 75, 77, 78, 81, 82, 83, 84, 86, 88, 89, 92, 94, 95, 96, 97, 99, 101, 102, 104, 106, 107, 113, 115, 118, 121, 123, 124, 125, 127, 128, 129, 131, 133, 134, 136, 141, 144, 152, 153, 154, 165, 166, 168, 169, 170, 172, 173, 175, 177, 178, 179, 181, 183, 184, 186, 187, 188, 189, 190, 191, 193, 196, 220, 223, 224, 226, 227, 228, 230, 233, 234, 235, 236, 238, 239, 241, 242, 243, 244, 245, 246, 248, 251, 254, 263, 265, 268, 271, 272, 273, 276, 278], "excluded_lines": [], "functions": {"_build_tool_arguments": {"executed_lines": [], "summary": {"covered_lines": 0, "num_statements": 16, "percent_covered": 0.0, "percent_covered_display": "0", "missing_lines": 16, "excluded_lines": 0}, "missing_lines": [24, 26, 32, 33, 34, 35, 38, 40, 41, 42, 44, 45, 46, 51, 52, 58], "excluded_lines": []}, "_build_path_arguments": {"executed_lines": [], "summary": {"covered_lines": 0, "num_statements": 26, "percent_covered": 0.0, "percent_covered_display": "0", "missing_lines": 26, "excluded_lines": 0}, "missing_lines": [69, 72, 74, 75, 77, 78, 81, 82, 83, 84, 86, 88, 89, 92, 94, 95, 96, 97, 99, 101, 102, 104, 106, 107, 113, 115], "excluded_lines": []}, "_prepare_environment": {"executed_lines": [], "summary": {"covered_lines": 0, "num_statements": 12, "percent_covered": 0.0, "percent_covered_display": "0", "missing_lines": 12, "excluded_lines": 0}, "missing_lines": [121, 123, 124, 125, 127, 128, 129, 131, 133, 134, 136, 141], "excluded_lines": []}, "_execute_tool": {"executed_lines": [], "summary": {"covered_lines": 0, "num_statements": 24, "percent_covered": 0.0, "percent_covered_display": "0", "missing_lines": 24, "excluded_lines": 0}, "missing_lines": [152, 153, 154, 165, 166, 168, 169, 170, 172, 173, 175, 177, 178, 179, 181, 183, 184, 186, 187, 188, 189, 190, 191, 193], "excluded_lines": []}, "run_action": {"executed_lines": [], "summary": {"covered_lines": 0, "num_statements": 30, "percent_covered": 0.0, "percent_covered_display": "0", "missing_lines": 30, "excluded_lines": 0}, "missing_lines": [220, 223, 224, 226, 227, 228, 230, 233, 234, 235, 236, 238, 239, 241, 242, 243, 244, 245, 246, 248, 251, 254, 263, 265, 268, 271, 272, 273, 276, 278], "excluded_lines": []}, "": {"executed_lines": [], "summary": {"covered_lines": 0, "num_statements": 12, "percent_covered": 0.0, "percent_covered_display": "0", "missing_lines": 12, "excluded_lines": 0}, "missing_lines": [4, 5, 6, 7, 8, 10, 14, 17, 61, 118, 144, 196], "excluded_lines": []}}, "classes": {"": {"executed_lines": [], "summary": {"covered_lines": 0, "num_statements": 120, "percent_covered": 0.0, "percent_covered_display": "0", "missing_lines": 120, "excluded_lines": 0}, "missing_lines": [4, 5, 6, 7, 8, 10, 14, 17, 24, 26, 32, 33, 34, 35, 38, 40, 41, 42, 44, 45, 46, 51, 52, 58, 61, 69, 72, 74, 75, 77, 78, 81, 82, 83, 84, 86, 88, 89, 92, 94, 95, 96, 97, 99, 101, 102, 104, 106, 107, 113, 115, 118, 121, 123, 124, 125, 127, 128, 129, 131, 133, 134, 136, 141, 144, 152, 153, 154, 165, 166, 168, 169, 170, 172, 173, 175, 177, 178, 179, 181, 183, 184, 186, 187, 188, 189, 190, 191, 193, 196, 220, 223, 224, 226, 227, 228, 230, 233, 234, 235, 236, 238, 239, 241, 242, 243, 244, 245, 246, 248, 251, 254, 263, 265, 268, 271, 272, 273, 276, 278], "excluded_lines": []}}}, "src/zeroth_law/analyzer/__init__.py": {"executed_lines": [], "summary": {"covered_lines": 0, "num_statements": 1, "percent_covered": 0.0, "percent_covered_display": "0", "missing_lines": 1, "excluded_lines": 0}, "missing_lines": [4], "excluded_lines": [], "functions": {"": {"executed_lines": [], "summary": {"covered_lines": 0, "num_statements": 1, "percent_covered": 0.0, "percent_covered_display": "0", "missing_lines": 1, "excluded_lines": 0}, "missing_lines": [4], "excluded_lines": []}}, "classes": {"": {"executed_lines": [], "summary": {"covered_lines": 0, "num_statements": 1, "percent_covered": 0.0, "percent_covered_display": "0", "missing_lines": 1, "excluded_lines": 0}, "missing_lines": [4], "excluded_lines": []}}}, "src/zeroth_law/analyzer/python/__init__.py": {"executed_lines": [], "summary": {"covered_lines": 0, "num_statements": 1, "percent_covered": 0.0, "percent_covered_display": "0", "missing_lines": 1, "excluded_lines": 0}, "missing_lines": [4], "excluded_lines": [], "functions": {"": {"executed_lines": [], "summary": {"covered_lines": 0, "num_statements": 1, "percent_covered": 0.0, "percent_covered_display": "0", "missing_lines": 1, "excluded_lines": 0}, "missing_lines": [4], "excluded_lines": []}}, "classes": {"": {"executed_lines": [], "summary": {"covered_lines": 0, "num_statements": 1, "percent_covered": 0.0, "percent_covered_display": "0", "missing_lines": 1, "excluded_lines": 0}, "missing_lines": [4], "excluded_lines": []}}}, "src/zeroth_law/analyzer/python/analyzer.py": {"executed_lines": [], "summary": {"covered_lines": 0, "num_statements": 104, "percent_covered": 0.0, "percent_covered_display": "0", "missing_lines": 104, "excluded_lines": 0}, "missing_lines": [7, 8, 11, 12, 13, 14, 15, 20, 29, 34, 56, 57, 58, 59, 61, 62, 63, 66, 67, 68, 71, 72, 73, 76, 77, 78, 80, 81, 82, 83, 84, 85, 86, 87, 88, 90, 93, 106, 107, 108, 109, 110, 111, 112, 113, 114, 115, 116, 117, 118, 119, 120, 121, 123, 128, 141, 171, 172, 173, 175, 178, 179, 180, 182, 183, 184, 190, 192, 193, 194, 196, 197, 198, 200, 201, 202, 204, 205, 206, 208, 209, 210, 212, 216, 217, 218, 220, 221, 224, 226, 228, 229, 230, 231, 233, 234, 236, 239, 240, 241, 243, 244, 246, 248], "excluded_lines": [], "functions": {"check_header_compliance": {"executed_lines": [], "summary": {"covered_lines": 0, "num_statements": 26, "percent_covered": 0.0, "percent_covered_display": "0", "missing_lines": 26, "excluded_lines": 0}, "missing_lines": [56, 57, 58, 59, 61, 62, 63, 66, 67, 68, 71, 72, 73, 76, 77, 78, 80, 81, 82, 83, 84, 85, 86, 87, 88, 90], "excluded_lines": []}, "check_footer_compliance": {"executed_lines": [], "summary": {"covered_lines": 0, "num_statements": 17, "percent_covered": 0.0, "percent_covered_display": "0", "missing_lines": 17, "excluded_lines": 0}, "missing_lines": [106, 107, 108, 109, 110, 111, 112, 113, 114, 115, 116, 117, 118, 119, 120, 121, 123], "excluded_lines": []}, "analyze_file_compliance": {"executed_lines": [], "summary": {"covered_lines": 0, "num_statements": 48, "percent_covered": 0.0, "percent_covered_display": "0", "missing_lines": 48, "excluded_lines": 0}, "missing_lines": [171, 172, 173, 175, 178, 179, 180, 182, 183, 184, 190, 192, 193, 194, 196, 197, 198, 200, 201, 202, 204, 205, 206, 208, 209, 210, 212, 216, 217, 218, 220, 221, 224, 226, 228, 229, 230, 231, 233, 234, 236, 239, 240, 241, 243, 244, 246, 248], "excluded_lines": []}, "": {"executed_lines": [], "summary": {"covered_lines": 0, "num_statements": 13, "percent_covered": 0.0, "percent_covered_display": "0", "missing_lines": 13, "excluded_lines": 0}, "missing_lines": [7, 8, 11, 12, 13, 14, 15, 20, 29, 34, 93, 128, 141], "excluded_lines": []}}, "classes": {"": {"executed_lines": [], "summary": {"covered_lines": 0, "num_statements": 104, "percent_covered": 0.0, "percent_covered_display": "0", "missing_lines": 104, "excluded_lines": 0}, "missing_lines": [7, 8, 11, 12, 13, 14, 15, 20, 29, 34, 56, 57, 58, 59, 61, 62, 63, 66, 67, 68, 71, 72, 73, 76, 77, 78, 80, 81, 82, 83, 84, 85, 86, 87, 88, 90, 93, 106, 107, 108, 109, 110, 111, 112, 113, 114, 115, 116, 117, 118, 119, 120, 121, 123, 128, 141, 171, 172, 173, 175, 178, 179, 180, 182, 183, 184, 190, 192, 193, 194, 196, 197, 198, 200, 201, 202, 204, 205, 206, 208, 209, 210, 212, 216, 217, 218, 220, 221, 224, 226, 228, 229, 230, 231, 233, 234, 236, 239, 240, 241, 243, 244, 246, 248], "excluded_lines": []}}}, "src/zeroth_law/analyzer/python/analyzer_refactor.py": {"executed_lines": [], "summary": {"covered_lines": 0, "num_statements": 119, "percent_covered": 0.0, "percent_covered_display": "0", "missing_lines": 119, "excluded_lines": 0}, "missing_lines": [9, 10, 11, 16, 17, 18, 19, 20, 23, 26, 27, 30, 39, 40, 41, 44, 60, 61, 63, 64, 65, 66, 67, 68, 69, 70, 71, 72, 76, 78, 81, 105, 107, 108, 109, 111, 112, 113, 116, 117, 118, 121, 122, 123, 126, 127, 128, 130, 132, 133, 136, 149, 151, 152, 153, 154, 155, 156, 158, 159, 162, 186, 187, 189, 191, 192, 193, 196, 197, 198, 201, 202, 203, 206, 207, 208, 211, 212, 213, 215, 216, 217, 218, 219, 220, 222, 225, 238, 239, 240, 241, 242, 245, 258, 259, 261, 262, 264, 265, 266, 268, 269, 272, 275, 276, 278, 281, 307, 308, 310, 313, 314, 317, 326, 329, 331, 332, 334, 336], "excluded_lines": [], "functions": {"safe_file_operation": {"executed_lines": [], "summary": {"covered_lines": 0, "num_statements": 14, "percent_covered": 0.0, "percent_covered_display": "0", "missing_lines": 14, "excluded_lines": 0}, "missing_lines": [60, 61, 63, 64, 65, 66, 67, 68, 69, 70, 71, 72, 76, 78], "excluded_lines": []}, "check_header_compliance": {"executed_lines": [], "summary": {"covered_lines": 0, "num_statements": 4, "percent_covered": 0.0, "percent_covered_display": "0", "missing_lines": 4, "excluded_lines": 0}, "missing_lines": [105, 107, 132, 133], "excluded_lines": []}, "check_header_compliance._check_header": {"executed_lines": [], "summary": {"covered_lines": 0, "num_statements": 15, "percent_covered": 0.0, "percent_covered_display": "0", "missing_lines": 15, "excluded_lines": 0}, "missing_lines": [108, 109, 111, 112, 113, 116, 117, 118, 121, 122, 123, 126, 127, 128, 130], "excluded_lines": []}, "check_footer_compliance": {"executed_lines": [], "summary": {"covered_lines": 0, "num_statements": 4, "percent_covered": 0.0, "percent_covered_display": "0", "missing_lines": 4, "excluded_lines": 0}, "missing_lines": [149, 151, 158, 159], "excluded_lines": []}, "check_footer_compliance._check_footer": {"executed_lines": [], "summary": {"covered_lines": 0, "num_statements": 5, "percent_covered": 0.0, "percent_covered_display": "0", "missing_lines": 5, "excluded_lines": 0}, "missing_lines": [152, 153, 154, 155, 156], "excluded_lines": []}, "perform_ast_analysis": {"executed_lines": [], "summary": {"covered_lines": 0, "num_statements": 25, "percent_covered": 0.0, "percent_covered_display": "0", "missing_lines": 25, "excluded_lines": 0}, "missing_lines": [186, 187, 189, 191, 192, 193, 196, 197, 198, 201, 202, 203, 206, 207, 208, 211, 212, 213, 215, 216, 217, 218, 219, 220, 222], "excluded_lines": []}, "create_analysis_result": {"executed_lines": [], "summary": {"covered_lines": 0, "num_statements": 5, "percent_covered": 0.0, "percent_covered_display": "0", "missing_lines": 5, "excluded_lines": 0}, "missing_lines": [238, 239, 240, 241, 242], "excluded_lines": []}, "filter_ignored_violations": {"executed_lines": [], "summary": {"covered_lines": 0, "num_statements": 13, "percent_covered": 0.0, "percent_covered_display": "0", "missing_lines": 13, "excluded_lines": 0}, "missing_lines": [258, 259, 261, 262, 264, 265, 266, 268, 269, 272, 275, 276, 278], "excluded_lines": []}, "analyze_file_compliance": {"executed_lines": [], "summary": {"covered_lines": 0, "num_statements": 12, "percent_covered": 0.0, "percent_covered_display": "0", "missing_lines": 12, "excluded_lines": 0}, "missing_lines": [307, 308, 310, 313, 314, 317, 326, 329, 331, 332, 334, 336], "excluded_lines": []}, "": {"executed_lines": [], "summary": {"covered_lines": 0, "num_statements": 22, "percent_covered": 0.0, "percent_covered_display": "0", "missing_lines": 22, "excluded_lines": 0}, "missing_lines": [9, 10, 11, 16, 17, 18, 19, 20, 23, 26, 27, 30, 39, 40, 41, 44, 81, 136, 162, 225, 245, 281], "excluded_lines": []}}, "classes": {"": {"executed_lines": [], "summary": {"covered_lines": 0, "num_statements": 119, "percent_covered": 0.0, "percent_covered_display": "0", "missing_lines": 119, "excluded_lines": 0}, "missing_lines": [9, 10, 11, 16, 17, 18, 19, 20, 23, 26, 27, 30, 39, 40, 41, 44, 60, 61, 63, 64, 65, 66, 67, 68, 69, 70, 71, 72, 76, 78, 81, 105, 107, 108, 109, 111, 112, 113, 116, 117, 118, 121, 122, 123, 126, 127, 128, 130, 132, 133, 136, 149, 151, 152, 153, 154, 155, 156, 158, 159, 162, 186, 187, 189, 191, 192, 193, 196, 197, 198, 201, 202, 203, 206, 207, 208, 211, 212, 213, 215, 216, 217, 218, 219, 220, 222, 225, 238, 239, 240, 241, 242, 245, 258, 259, 261, 262, 264, 265, 266, 268, 269, 272, 275, 276, 278, 281, 307, 308, 310, 313, 314, 317, 326, 329, 331, 332, 334, 336], "excluded_lines": []}}}, "src/zeroth_law/analyzer/python/ast_utils.py": {"executed_lines": [], "summary": {"covered_lines": 0, "num_statements": 28, "percent_covered": 0.0, "percent_covered_display": "0", "missing_lines": 28, "excluded_lines": 0}, "missing_lines": [4, 5, 6, 8, 11, 29, 30, 31, 32, 33, 34, 35, 36, 37, 38, 39, 40, 41, 42, 43, 45, 47, 50, 62, 63, 64, 65, 66], "excluded_lines": [], "functions": {"_parse_file_to_ast": {"executed_lines": [], "summary": {"covered_lines": 0, "num_statements": 17, "percent_covered": 0.0, "percent_covered_display": "0", "missing_lines": 17, "excluded_lines": 0}, "missing_lines": [29, 30, 31, 32, 33, 34, 35, 36, 37, 38, 39, 40, 41, 42, 43, 45, 47], "excluded_lines": []}, "_build_parent_map": {"executed_lines": [], "summary": {"covered_lines": 0, "num_statements": 5, "percent_covered": 0.0, "percent_covered_display": "0", "missing_lines": 5, "excluded_lines": 0}, "missing_lines": [62, 63, 64, 65, 66], "excluded_lines": []}, "": {"executed_lines": [], "summary": {"covered_lines": 0, "num_statements": 6, "percent_covered": 0.0, "percent_covered_display": "0", "missing_lines": 6, "excluded_lines": 0}, "missing_lines": [4, 5, 6, 8, 11, 50], "excluded_lines": []}}, "classes": {"": {"executed_lines": [], "summary": {"covered_lines": 0, "num_statements": 28, "percent_covered": 0.0, "percent_covered_display": "0", "missing_lines": 28, "excluded_lines": 0}, "missing_lines": [4, 5, 6, 8, 11, 29, 30, 31, 32, 33, 34, 35, 36, 37, 38, 39, 40, 41, 42, 43, 45, 47, 50, 62, 63, 64, 65, 66], "excluded_lines": []}}}, "src/zeroth_law/analyzer/python/complexity.py": {"executed_lines": [], "summary": {"covered_lines": 0, "num_statements": 45, "percent_covered": 0.0, "percent_covered_display": "0", "missing_lines": 45, "excluded_lines": 0}, "missing_lines": [7, 8, 9, 10, 14, 16, 19, 26, 29, 38, 39, 40, 42, 44, 50, 53, 78, 79, 86, 87, 88, 89, 90, 94, 97, 105, 126, 127, 128, 129, 131, 132, 134, 135, 142, 143, 145, 146, 148, 149, 151, 152, 153, 155, 157], "excluded_lines": [], "functions": {"ComplexityVisitor.__init__": {"executed_lines": [], "summary": {"covered_lines": 0, "num_statements": 4, "percent_covered": 0.0, "percent_covered_display": "0", "missing_lines": 4, "excluded_lines": 0}, "missing_lines": [38, 39, 40, 42], "excluded_lines": []}, "ComplexityVisitor.visit": {"executed_lines": [], "summary": {"covered_lines": 0, "num_statements": 11, "percent_covered": 0.0, "percent_covered_display": "0", "missing_lines": 11, "excluded_lines": 0}, "missing_lines": [50, 53, 78, 79, 86, 87, 88, 89, 90, 94, 97], "excluded_lines": []}, "analyze_complexity": {"executed_lines": [], "summary": {"covered_lines": 0, "num_statements": 19, "percent_covered": 0.0, "percent_covered_display": "0", "missing_lines": 19, "excluded_lines": 0}, "missing_lines": [126, 127, 128, 129, 131, 132, 134, 135, 142, 143, 145, 146, 148, 149, 151, 152, 153, 155, 157], "excluded_lines": []}, "": {"executed_lines": [], "summary": {"covered_lines": 0, "num_statements": 11, "percent_covered": 0.0, "percent_covered_display": "0", "missing_lines": 11, "excluded_lines": 0}, "missing_lines": [7, 8, 9, 10, 14, 16, 19, 26, 29, 44, 105], "excluded_lines": []}}, "classes": {"ComplexityVisitor": {"executed_lines": [], "summary": {"covered_lines": 0, "num_statements": 15, "percent_covered": 0.0, "percent_covered_display": "0", "missing_lines": 15, "excluded_lines": 0}, "missing_lines": [38, 39, 40, 42, 50, 53, 78, 79, 86, 87, 88, 89, 90, 94, 97], "excluded_lines": []}, "": {"executed_lines": [], "summary": {"covered_lines": 0, "num_statements": 30, "percent_covered": 0.0, "percent_covered_display": "0", "missing_lines": 30, "excluded_lines": 0}, "missing_lines": [7, 8, 9, 10, 14, 16, 19, 26, 29, 44, 105, 126, 127, 128, 129, 131, 132, 134, 135, 142, 143, 145, 146, 148, 149, 151, 152, 153, 155, 157], "excluded_lines": []}}}, "src/zeroth_law/analyzer/python/docstrings.py": {"executed_lines": [], "summary": {"covered_lines": 0, "num_statements": 60, "percent_covered": 0.0, "percent_covered_display": "0", "missing_lines": 60, "excluded_lines": 0}, "missing_lines": [4, 5, 6, 7, 8, 10, 12, 15, 22, 24, 25, 27, 28, 34, 35, 36, 37, 40, 44, 47, 68, 69, 71, 72, 73, 76, 77, 79, 81, 82, 83, 86, 88, 89, 90, 91, 93, 94, 96, 97, 98, 99, 100, 102, 103, 105, 106, 108, 109, 110, 111, 113, 114, 116, 117, 120, 121, 122, 123, 125], "excluded_lines": [], "functions": {"_get_first_token": {"executed_lines": [], "summary": {"covered_lines": 0, "num_statements": 8, "percent_covered": 0.0, "percent_covered_display": "0", "missing_lines": 8, "excluded_lines": 0}, "missing_lines": [24, 25, 27, 28, 34, 35, 36, 37], "excluded_lines": []}, "_get_ast_docstring": {"executed_lines": [], "summary": {"covered_lines": 0, "num_statements": 1, "percent_covered": 0.0, "percent_covered_display": "0", "missing_lines": 1, "excluded_lines": 0}, "missing_lines": [44], "excluded_lines": []}, "analyze_docstrings": {"executed_lines": [], "summary": {"covered_lines": 0, "num_statements": 40, "percent_covered": 0.0, "percent_covered_display": "0", "missing_lines": 40, "excluded_lines": 0}, "missing_lines": [68, 69, 71, 72, 73, 76, 77, 79, 81, 82, 83, 86, 88, 89, 90, 91, 93, 94, 96, 97, 98, 99, 100, 102, 103, 105, 106, 108, 109, 110, 111, 113, 114, 116, 117, 120, 121, 122, 123, 125], "excluded_lines": []}, "": {"executed_lines": [], "summary": {"covered_lines": 0, "num_statements": 11, "percent_covered": 0.0, "percent_covered_display": "0", "missing_lines": 11, "excluded_lines": 0}, "missing_lines": [4, 5, 6, 7, 8, 10, 12, 15, 22, 40, 47], "excluded_lines": []}}, "classes": {"": {"executed_lines": [], "summary": {"covered_lines": 0, "num_statements": 60, "percent_covered": 0.0, "percent_covered_display": "0", "missing_lines": 60, "excluded_lines": 0}, "missing_lines": [4, 5, 6, 7, 8, 10, 12, 15, 22, 24, 25, 27, 28, 34, 35, 36, 37, 40, 44, 47, 68, 69, 71, 72, 73, 76, 77, 79, 81, 82, 83, 86, 88, 89, 90, 91, 93, 94, 96, 97, 98, 99, 100, 102, 103, 105, 106, 108, 109, 110, 111, 113, 114, 116, 117, 120, 121, 122, 123, 125], "excluded_lines": []}}}, "src/zeroth_law/analyzer/python/line_counts.py": {"executed_lines": [], "summary": {"covered_lines": 0, "num_statements": 69, "percent_covered": 0.0, "percent_covered_display": "0", "missing_lines": 69, "excluded_lines": 0}, "missing_lines": [4, 5, 6, 7, 9, 12, 19, 22, 23, 26, 27, 29, 32, 49, 50, 51, 52, 53, 55, 56, 58, 60, 61, 62, 63, 66, 67, 68, 71, 73, 76, 86, 88, 90, 92, 93, 95, 96, 97, 98, 99, 100, 101, 102, 104, 105, 106, 107, 108, 109, 112, 131, 132, 133, 134, 135, 137, 138, 139, 141, 142, 143, 144, 145, 146, 147, 148, 149, 151], "excluded_lines": [], "functions": {"_is_docstring_token": {"executed_lines": [], "summary": {"covered_lines": 0, "num_statements": 5, "percent_covered": 0.0, "percent_covered_display": "0", "missing_lines": 5, "excluded_lines": 0}, "missing_lines": [22, 23, 26, 27, 29], "excluded_lines": []}, "_count_executable_lines": {"executed_lines": [], "summary": {"covered_lines": 0, "num_statements": 37, "percent_covered": 0.0, "percent_covered_display": "0", "missing_lines": 37, "excluded_lines": 0}, "missing_lines": [49, 50, 51, 52, 53, 55, 56, 58, 60, 61, 62, 63, 66, 67, 68, 71, 73, 76, 86, 88, 90, 92, 93, 95, 96, 97, 98, 99, 100, 101, 102, 104, 105, 106, 107, 108, 109], "excluded_lines": []}, "analyze_line_counts": {"executed_lines": [], "summary": {"covered_lines": 0, "num_statements": 18, "percent_covered": 0.0, "percent_covered_display": "0", "missing_lines": 18, "excluded_lines": 0}, "missing_lines": [131, 132, 133, 134, 135, 137, 138, 139, 141, 142, 143, 144, 145, 146, 147, 148, 149, 151], "excluded_lines": []}, "": {"executed_lines": [], "summary": {"covered_lines": 0, "num_statements": 9, "percent_covered": 0.0, "percent_covered_display": "0", "missing_lines": 9, "excluded_lines": 0}, "missing_lines": [4, 5, 6, 7, 9, 12, 19, 32, 112], "excluded_lines": []}}, "classes": {"": {"executed_lines": [], "summary": {"covered_lines": 0, "num_statements": 69, "percent_covered": 0.0, "percent_covered_display": "0", "missing_lines": 69, "excluded_lines": 0}, "missing_lines": [4, 5, 6, 7, 9, 12, 19, 22, 23, 26, 27, 29, 32, 49, 50, 51, 52, 53, 55, 56, 58, 60, 61, 62, 63, 66, 67, 68, 71, 73, 76, 86, 88, 90, 92, 93, 95, 96, 97, 98, 99, 100, 101, 102, 104, 105, 106, 107, 108, 109, 112, 131, 132, 133, 134, 135, 137, 138, 139, 141, 142, 143, 144, 145, 146, 147, 148, 149, 151], "excluded_lines": []}}}, "src/zeroth_law/analyzer/python/parameters.py": {"executed_lines": [], "summary": {"covered_lines": 0, "num_statements": 28, "percent_covered": 0.0, "percent_covered_display": "0", "missing_lines": 28, "excluded_lines": 0}, "missing_lines": [4, 5, 6, 9, 11, 14, 21, 42, 43, 44, 46, 48, 49, 52, 53, 54, 55, 59, 60, 64, 65, 66, 67, 68, 69, 70, 71, 73], "excluded_lines": [], "functions": {"analyze_parameters": {"executed_lines": [], "summary": {"covered_lines": 0, "num_statements": 21, "percent_covered": 0.0, "percent_covered_display": "0", "missing_lines": 21, "excluded_lines": 0}, "missing_lines": [42, 43, 44, 46, 48, 49, 52, 53, 54, 55, 59, 60, 64, 65, 66, 67, 68, 69, 70, 71, 73], "excluded_lines": []}, "": {"executed_lines": [], "summary": {"covered_lines": 0, "num_statements": 7, "percent_covered": 0.0, "percent_covered_display": "0", "missing_lines": 7, "excluded_lines": 0}, "missing_lines": [4, 5, 6, 9, 11, 14, 21], "excluded_lines": []}}, "classes": {"": {"executed_lines": [], "summary": {"covered_lines": 0, "num_statements": 28, "percent_covered": 0.0, "percent_covered_display": "0", "missing_lines": 28, "excluded_lines": 0}, "missing_lines": [4, 5, 6, 9, 11, 14, 21, 42, 43, 44, 46, 48, 49, 52, 53, 54, 55, 59, 60, 64, 65, 66, 67, 68, 69, 70, 71, 73], "excluded_lines": []}}}, "src/zeroth_law/analyzer/python/statements.py": {"executed_lines": [], "summary": {"covered_lines": 0, "num_statements": 57, "percent_covered": 0.0, "percent_covered_display": "0", "missing_lines": 57, "excluded_lines": 0}, "missing_lines": [4, 5, 6, 7, 10, 12, 15, 22, 27, 29, 31, 34, 51, 53, 55, 63, 64, 66, 76, 77, 79, 81, 82, 94, 95, 99, 100, 102, 107, 108, 110, 115, 116, 119, 140, 141, 142, 143, 145, 146, 147, 148, 149, 150, 152, 153, 154, 156, 157, 159, 161, 162, 163, 164, 165, 166, 168], "excluded_lines": [], "functions": {"StatementCounterVisitor.__init__": {"executed_lines": [], "summary": {"covered_lines": 0, "num_statements": 1, "percent_covered": 0.0, "percent_covered_display": "0", "missing_lines": 1, "excluded_lines": 0}, "missing_lines": [29], "excluded_lines": []}, "StatementCounterVisitor._is_statement_node": {"executed_lines": [], "summary": {"covered_lines": 0, "num_statements": 9, "percent_covered": 0.0, "percent_covered_display": "0", "missing_lines": 9, "excluded_lines": 0}, "missing_lines": [34, 51, 53, 55, 63, 64, 66, 76, 77], "excluded_lines": []}, "StatementCounterVisitor.visit": {"executed_lines": [], "summary": {"covered_lines": 0, "num_statements": 6, "percent_covered": 0.0, "percent_covered_display": "0", "missing_lines": 6, "excluded_lines": 0}, "missing_lines": [81, 82, 94, 95, 99, 100], "excluded_lines": []}, "StatementCounterVisitor.visit_FunctionDef": {"executed_lines": [], "summary": {"covered_lines": 0, "num_statements": 2, "percent_covered": 0.0, "percent_covered_display": "0", "missing_lines": 2, "excluded_lines": 0}, "missing_lines": [107, 108], "excluded_lines": []}, "StatementCounterVisitor.visit_AsyncFunctionDef": {"executed_lines": [], "summary": {"covered_lines": 0, "num_statements": 2, "percent_covered": 0.0, "percent_covered_display": "0", "missing_lines": 2, "excluded_lines": 0}, "missing_lines": [115, 116], "excluded_lines": []}, "analyze_statements": {"executed_lines": [], "summary": {"covered_lines": 0, "num_statements": 23, "percent_covered": 0.0, "percent_covered_display": "0", "missing_lines": 23, "excluded_lines": 0}, "missing_lines": [140, 141, 142, 143, 145, 146, 147, 148, 149, 150, 152, 153, 154, 156, 157, 159, 161, 162, 163, 164, 165, 166, 168], "excluded_lines": []}, "": {"executed_lines": [], "summary": {"covered_lines": 0, "num_statements": 14, "percent_covered": 0.0, "percent_covered_display": "0", "missing_lines": 14, "excluded_lines": 0}, "missing_lines": [4, 5, 6, 7, 10, 12, 15, 22, 27, 31, 79, 102, 110, 119], "excluded_lines": []}}, "classes": {"StatementCounterVisitor": {"executed_lines": [], "summary": {"covered_lines": 0, "num_statements": 20, "percent_covered": 0.0, "percent_covered_display": "0", "missing_lines": 20, "excluded_lines": 0}, "missing_lines": [29, 34, 51, 53, 55, 63, 64, 66, 76, 77, 81, 82, 94, 95, 99, 100, 107, 108, 115, 116], "excluded_lines": []}, "": {"executed_lines": [], "summary": {"covered_lines": 0, "num_statements": 37, "percent_covered": 0.0, "percent_covered_display": "0", "missing_lines": 37, "excluded_lines": 0}, "missing_lines": [4, 5, 6, 7, 10, 12, 15, 22, 27, 31, 79, 102, 110, 119, 140, 141, 142, 143, 145, 146, 147, 148, 149, 150, 152, 153, 154, 156, 157, 159, 161, 162, 163, 164, 165, 166, 168], "excluded_lines": []}}}, "src/zeroth_law/cli.py": {"executed_lines": [], "summary": {"covered_lines": 0, "num_statements": 311, "percent_covered": 0.0, "percent_covered_display": "0", "missing_lines": 311, "excluded_lines": 0}, "missing_lines": [4, 5, 6, 7, 8, 9, 11, 14, 15, 16, 17, 21, 24, 27, 32, 38, 41, 42, 43, 44, 45, 46, 48, 49, 50, 51, 52, 54, 56, 57, 58, 60, 61, 63, 64, 65, 66, 67, 69, 70, 71, 72, 74, 79, 80, 81, 83, 86, 87, 89, 93, 109, 110, 116, 117, 118, 119, 120, 121, 123, 124, 125, 126, 127, 128, 129, 130, 131, 132, 134, 138, 146, 147, 152, 153, 156, 157, 158, 159, 165, 166, 169, 170, 171, 172, 173, 175, 176, 177, 179, 182, 202, 212, 213, 214, 216, 217, 219, 220, 222, 224, 226, 229, 239, 240, 241, 242, 244, 245, 246, 247, 248, 249, 250, 251, 252, 253, 255, 256, 257, 258, 259, 261, 265, 266, 270, 273, 274, 277, 278, 279, 280, 283, 284, 286, 287, 288, 291, 292, 293, 294, 297, 298, 306, 307, 309, 311, 314, 315, 316, 320, 321, 322, 331, 338, 344, 352, 353, 359, 360, 361, 362, 363, 364, 366, 367, 371, 375, 376, 378, 381, 382, 383, 386, 387, 388, 389, 390, 396, 399, 400, 401, 402, 404, 405, 406, 409, 413, 414, 415, 416, 417, 418, 419, 420, 421, 422, 423, 426, 427, 429, 430, 431, 432, 433, 434, 437, 438, 439, 440, 442, 443, 446, 447, 448, 451, 452, 453, 455, 458, 459, 468, 471, 472, 473, 474, 475, 481, 483, 485, 490, 491, 492, 493, 495, 497, 498, 499, 502, 503, 510, 511, 512, 513, 515, 519, 523, 524, 530, 531, 535, 536, 537, 539, 540, 541, 542, 543, 546, 547, 548, 550, 551, 553, 554, 555, 561, 563, 564, 566, 567, 568, 569, 570, 571, 572, 573, 574, 577, 578, 584, 585, 587, 588, 589, 590, 591, 592, 594, 598, 599, 607, 608, 609, 610, 611, 612, 613, 614, 615, 616, 617, 618, 619, 620, 621, 623, 624, 625, 628, 629], "excluded_lines": [], "functions": {"setup_logging": {"executed_lines": [], "summary": {"covered_lines": 0, "num_statements": 0, "percent_covered": 100.0, "percent_covered_display": "100", "missing_lines": 0, "excluded_lines": 0}, "missing_lines": [], "excluded_lines": []}, "find_files_to_audit": {"executed_lines": [], "summary": {"covered_lines": 0, "num_statements": 34, "percent_covered": 0.0, "percent_covered_display": "0", "missing_lines": 34, "excluded_lines": 0}, "missing_lines": [41, 42, 43, 44, 45, 46, 48, 49, 50, 51, 52, 54, 56, 57, 58, 60, 61, 63, 64, 65, 66, 67, 69, 70, 71, 72, 74, 79, 80, 81, 83, 86, 87, 89], "excluded_lines": []}, "analyze_files": {"executed_lines": [], "summary": {"covered_lines": 0, "num_statements": 19, "percent_covered": 0.0, "percent_covered_display": "0", "missing_lines": 19, "excluded_lines": 0}, "missing_lines": [109, 110, 116, 117, 118, 119, 120, 121, 123, 124, 125, 126, 127, 128, 129, 130, 131, 132, 134], "excluded_lines": []}, "run_audit": {"executed_lines": [], "summary": {"covered_lines": 0, "num_statements": 19, "percent_covered": 0.0, "percent_covered_display": "0", "missing_lines": 19, "excluded_lines": 0}, "missing_lines": [146, 147, 152, 153, 156, 157, 158, 159, 165, 166, 169, 170, 171, 172, 173, 175, 176, 177, 179], "excluded_lines": []}, "_format_violations_as_json": {"executed_lines": [], "summary": {"covered_lines": 0, "num_statements": 11, "percent_covered": 0.0, "percent_covered_display": "0", "missing_lines": 11, "excluded_lines": 0}, "missing_lines": [202, 212, 213, 214, 216, 217, 219, 220, 222, 224, 226], "excluded_lines": []}, "_log_violations_as_text": {"executed_lines": [], "summary": {"covered_lines": 0, "num_statements": 20, "percent_covered": 0.0, "percent_covered_display": "0", "missing_lines": 20, "excluded_lines": 0}, "missing_lines": [239, 240, 241, 242, 244, 245, 246, 247, 248, 249, 250, 251, 252, 253, 255, 256, 257, 258, 259, 261], "excluded_lines": []}, "_generic_action_handler": {"executed_lines": [], "summary": {"covered_lines": 0, "num_statements": 25, "percent_covered": 0.0, "percent_covered_display": "0", "missing_lines": 25, "excluded_lines": 0}, "missing_lines": [270, 273, 274, 277, 278, 279, 280, 283, 284, 286, 287, 288, 291, 292, 293, 294, 297, 298, 306, 307, 309, 311, 314, 315, 316], "excluded_lines": []}, "cli_group": {"executed_lines": [], "summary": {"covered_lines": 0, "num_statements": 20, "percent_covered": 0.0, "percent_covered_display": "0", "missing_lines": 20, "excluded_lines": 0}, "missing_lines": [359, 360, 361, 362, 363, 364, 366, 367, 371, 375, 376, 378, 381, 382, 383, 386, 387, 388, 389, 390], "excluded_lines": []}, "_add_dynamic_commands": {"executed_lines": [], "summary": {"covered_lines": 0, "num_statements": 66, "percent_covered": 0.0, "percent_covered_display": "0", "missing_lines": 66, "excluded_lines": 0}, "missing_lines": [399, 400, 401, 402, 404, 405, 406, 409, 413, 414, 415, 416, 417, 418, 419, 420, 421, 422, 423, 426, 427, 429, 430, 431, 432, 433, 434, 437, 438, 439, 440, 442, 443, 446, 447, 448, 451, 452, 453, 455, 458, 459, 468, 471, 472, 473, 474, 475, 481, 483, 485, 490, 491, 492, 493, 495, 497, 498, 499, 502, 503, 510, 511, 512, 513, 515], "excluded_lines": []}, "install_git_hook": {"executed_lines": [], "summary": {"covered_lines": 0, "num_statements": 28, "percent_covered": 0.0, "percent_covered_display": "0", "missing_lines": 28, "excluded_lines": 0}, "missing_lines": [535, 536, 537, 539, 540, 541, 542, 543, 546, 547, 548, 550, 551, 553, 554, 555, 561, 563, 564, 566, 567, 568, 569, 570, 571, 572, 573, 574], "excluded_lines": []}, "restore_git_hooks": {"executed_lines": [], "summary": {"covered_lines": 0, "num_statements": 27, "percent_covered": 0.0, "percent_covered_display": "0", "missing_lines": 27, "excluded_lines": 0}, "missing_lines": [587, 588, 589, 590, 591, 592, 594, 598, 599, 607, 608, 609, 610, 611, 612, 613, 614, 615, 616, 617, 618, 619, 620, 621, 623, 624, 625], "excluded_lines": []}, "": {"executed_lines": [], "summary": {"covered_lines": 0, "num_statements": 42, "percent_covered": 0.0, "percent_covered_display": "0", "missing_lines": 42, "excluded_lines": 0}, "missing_lines": [4, 5, 6, 7, 8, 9, 11, 14, 15, 16, 17, 21, 24, 27, 32, 38, 93, 138, 182, 229, 265, 266, 320, 321, 322, 331, 338, 344, 352, 353, 396, 519, 523, 524, 530, 531, 577, 578, 584, 585, 628, 629], "excluded_lines": []}}, "classes": {"": {"executed_lines": [], "summary": {"covered_lines": 0, "num_statements": 311, "percent_covered": 0.0, "percent_covered_display": "0", "missing_lines": 311, "excluded_lines": 0}, "missing_lines": [4, 5, 6, 7, 8, 9, 11, 14, 15, 16, 17, 21, 24, 27, 32, 38, 41, 42, 43, 44, 45, 46, 48, 49, 50, 51, 52, 54, 56, 57, 58, 60, 61, 63, 64, 65, 66, 67, 69, 70, 71, 72, 74, 79, 80, 81, 83, 86, 87, 89, 93, 109, 110, 116, 117, 118, 119, 120, 121, 123, 124, 125, 126, 127, 128, 129, 130, 131, 132, 134, 138, 146, 147, 152, 153, 156, 157, 158, 159, 165, 166, 169, 170, 171, 172, 173, 175, 176, 177, 179, 182, 202, 212, 213, 214, 216, 217, 219, 220, 222, 224, 226, 229, 239, 240, 241, 242, 244, 245, 246, 247, 248, 249, 250, 251, 252, 253, 255, 256, 257, 258, 259, 261, 265, 266, 270, 273, 274, 277, 278, 279, 280, 283, 284, 286, 287, 288, 291, 292, 293, 294, 297, 298, 306, 307, 309, 311, 314, 315, 316, 320, 321, 322, 331, 338, 344, 352, 353, 359, 360, 361, 362, 363, 364, 366, 367, 371, 375, 376, 378, 381, 382, 383, 386, 387, 388, 389, 390, 396, 399, 400, 401, 402, 404, 405, 406, 409, 413, 414, 415, 416, 417, 418, 419, 420, 421, 422, 423, 426, 427, 429, 430, 431, 432, 433, 434, 437, 438, 439, 440, 442, 443, 446, 447, 448, 451, 452, 453, 455, 458, 459, 468, 471, 472, 473, 474, 475, 481, 483, 485, 490, 491, 492, 493, 495, 497, 498, 499, 502, 503, 510, 511, 512, 513, 515, 519, 523, 524, 530, 531, 535, 536, 537, 539, 540, 541, 542, 543, 546, 547, 548, 550, 551, 553, 554, 555, 561, 563, 564, 566, 567, 568, 569, 570, 571, 572, 573, 574, 577, 578, 584, 585, 587, 588, 589, 590, 591, 592, 594, 598, 599, 607, 608, 609, 610, 611, 612, 613, 614, 615, 616, 617, 618, 619, 620, 621, 623, 624, 625, 628, 629], "excluded_lines": []}}}, "src/zeroth_law/config_defaults.py": {"executed_lines": [], "summary": {"covered_lines": 0, "num_statements": 2, "percent_covered": 0.0, "percent_covered_display": "0", "missing_lines": 2, "excluded_lines": 0}, "missing_lines": [8, 11], "excluded_lines": [], "functions": {"": {"executed_lines": [], "summary": {"covered_lines": 0, "num_statements": 2, "percent_covered": 0.0, "percent_covered_display": "0", "missing_lines": 2, "excluded_lines": 0}, "missing_lines": [8, 11], "excluded_lines": []}}, "classes": {"": {"executed_lines": [], "summary": {"covered_lines": 0, "num_statements": 2, "percent_covered": 0.0, "percent_covered_display": "0", "missing_lines": 2, "excluded_lines": 0}, "missing_lines": [8, 11], "excluded_lines": []}}}, "src/zeroth_law/config_loader.py": {"executed_lines": [], "summary": {"covered_lines": 0, "num_statements": 143, "percent_covered": 0.0, "percent_covered_display": "0", "missing_lines": 143, "excluded_lines": 0}, "missing_lines": [11, 12, 13, 14, 16, 19, 20, 23, 26, 27, 28, 29, 30, 31, 34, 35, 39, 43, 51, 52, 53, 54, 55, 58, 59, 60, 61, 62, 65, 66, 67, 68, 69, 70, 73, 74, 77, 79, 80, 83, 99, 100, 102, 103, 104, 105, 106, 107, 108, 109, 110, 111, 112, 114, 115, 116, 117, 119, 121, 122, 123, 126, 137, 140, 143, 144, 145, 150, 153, 154, 155, 156, 161, 163, 166, 169, 172, 173, 174, 175, 181, 183, 184, 187, 190, 192, 193, 195, 196, 197, 204, 205, 208, 209, 212, 213, 214, 216, 220, 223, 225, 226, 227, 231, 232, 233, 236, 240, 241, 242, 243, 244, 245, 246, 248, 250, 252, 253, 254, 255, 257, 259, 261, 264, 266, 269, 272, 273, 275, 277, 278, 280, 281, 282, 283, 284, 285, 286, 287, 290, 294, 295, 301], "excluded_lines": [], "functions": {"find_pyproject_toml": {"executed_lines": [], "summary": {"covered_lines": 0, "num_statements": 21, "percent_covered": 0.0, "percent_covered_display": "0", "missing_lines": 21, "excluded_lines": 0}, "missing_lines": [51, 52, 53, 54, 55, 58, 59, 60, 61, 62, 65, 66, 67, 68, 69, 70, 73, 74, 77, 79, 80], "excluded_lines": []}, "parse_toml_file": {"executed_lines": [], "summary": {"covered_lines": 0, "num_statements": 21, "percent_covered": 0.0, "percent_covered_display": "0", "missing_lines": 21, "excluded_lines": 0}, "missing_lines": [99, 100, 102, 103, 104, 105, 106, 107, 108, 109, 110, 111, 112, 114, 115, 116, 117, 119, 121, 122, 123], "excluded_lines": []}, "extract_config_section": {"executed_lines": [], "summary": {"covered_lines": 0, "num_statements": 12, "percent_covered": 0.0, "percent_covered_display": "0", "missing_lines": 12, "excluded_lines": 0}, "missing_lines": [137, 140, 143, 144, 145, 150, 153, 154, 155, 156, 161, 163], "excluded_lines": []}, "merge_with_defaults": {"executed_lines": [], "summary": {"covered_lines": 0, "num_statements": 24, "percent_covered": 0.0, "percent_covered_display": "0", "missing_lines": 24, "excluded_lines": 0}, "missing_lines": [169, 172, 173, 174, 175, 181, 183, 184, 187, 190, 192, 193, 195, 196, 197, 204, 205, 208, 209, 212, 213, 214, 216, 220], "excluded_lines": []}, "load_action_definitions": {"executed_lines": [], "summary": {"covered_lines": 0, "num_statements": 6, "percent_covered": 0.0, "percent_covered_display": "0", "missing_lines": 6, "excluded_lines": 0}, "missing_lines": [225, 226, 227, 231, 232, 233], "excluded_lines": []}, "load_config": {"executed_lines": [], "summary": {"covered_lines": 0, "num_statements": 32, "percent_covered": 0.0, "percent_covered_display": "0", "missing_lines": 32, "excluded_lines": 0}, "missing_lines": [240, 241, 242, 243, 244, 245, 246, 248, 250, 252, 253, 254, 255, 257, 259, 261, 264, 266, 269, 272, 273, 275, 277, 278, 280, 281, 282, 283, 284, 285, 286, 287], "excluded_lines": []}, "_load_python_version_constraint": {"executed_lines": [], "summary": {"covered_lines": 0, "num_statements": 2, "percent_covered": 0.0, "percent_covered_display": "0", "missing_lines": 2, "excluded_lines": 0}, "missing_lines": [294, 295], "excluded_lines": []}, "": {"executed_lines": [], "summary": {"covered_lines": 0, "num_statements": 25, "percent_covered": 0.0, "percent_covered_display": "0", "missing_lines": 25, "excluded_lines": 0}, "missing_lines": [11, 12, 13, 14, 16, 19, 20, 23, 26, 27, 28, 29, 30, 31, 34, 35, 39, 43, 83, 126, 166, 223, 236, 290, 301], "excluded_lines": []}}, "classes": {"TomlDecodeError": {"executed_lines": [], "summary": {"covered_lines": 0, "num_statements": 0, "percent_covered": 100.0, "percent_covered_display": "100", "missing_lines": 0, "excluded_lines": 0}, "missing_lines": [], "excluded_lines": []}, "": {"executed_lines": [], "summary": {"covered_lines": 0, "num_statements": 143, "percent_covered": 0.0, "percent_covered_display": "0", "missing_lines": 143, "excluded_lines": 0}, "missing_lines": [11, 12, 13, 14, 16, 19, 20, 23, 26, 27, 28, 29, 30, 31, 34, 35, 39, 43, 51, 52, 53, 54, 55, 58, 59, 60, 61, 62, 65, 66, 67, 68, 69, 70, 73, 74, 77, 79, 80, 83, 99, 100, 102, 103, 104, 105, 106, 107, 108, 109, 110, 111, 112, 114, 115, 116, 117, 119, 121, 122, 123, 126, 137, 140, 143, 144, 145, 150, 153, 154, 155, 156, 161, 163, 166, 169, 172, 173, 174, 175, 181, 183, 184, 187, 190, 192, 193, 195, 196, 197, 204, 205, 208, 209, 212, 213, 214, 216, 220, 223, 225, 226, 227, 231, 232, 233, 236, 240, 241, 242, 243, 244, 245, 246, 248, 250, 252, 253, 254, 255, 257, 259, 261, 264, 266, 269, 272, 273, 275, 277, 278, 280, 281, 282, 283, 284, 285, 286, 287, 290, 294, 295, 301], "excluded_lines": []}}}, "src/zeroth_law/config_validation.py": {"executed_lines": [], "summary": {"covered_lines": 0, "num_statements": 46, "percent_covered": 0.0, "percent_covered_display": "0", "missing_lines": 46, "excluded_lines": 0}, "missing_lines": [7, 8, 9, 11, 14, 16, 19, 22, 23, 24, 25, 26, 27, 28, 29, 30, 32, 33, 35, 38, 45, 50, 55, 60, 67, 71, 77, 83, 84, 85, 87, 88, 91, 93, 94, 95, 97, 98, 101, 102, 103, 105, 108, 122, 123, 124], "excluded_lines": [], "functions": {"ViolationRule.get_all_values": {"executed_lines": [], "summary": {"covered_lines": 0, "num_statements": 1, "percent_covered": 0.0, "percent_covered_display": "0", "missing_lines": 1, "excluded_lines": 0}, "missing_lines": [35], "excluded_lines": []}, "ConfigModel.validate_path_lists": {"executed_lines": [], "summary": {"covered_lines": 0, "num_statements": 3, "percent_covered": 0.0, "percent_covered_display": "0", "missing_lines": 3, "excluded_lines": 0}, "missing_lines": [87, 88, 91], "excluded_lines": []}, "ConfigModel.map_ignore_codes_to_rules": {"executed_lines": [], "summary": {"covered_lines": 0, "num_statements": 6, "percent_covered": 0.0, "percent_covered_display": "0", "missing_lines": 6, "excluded_lines": 0}, "missing_lines": [97, 98, 101, 102, 103, 105], "excluded_lines": []}, "validate_config": {"executed_lines": [], "summary": {"covered_lines": 0, "num_statements": 3, "percent_covered": 0.0, "percent_covered_display": "0", "missing_lines": 3, "excluded_lines": 0}, "missing_lines": [122, 123, 124], "excluded_lines": []}, "": {"executed_lines": [], "summary": {"covered_lines": 0, "num_statements": 33, "percent_covered": 0.0, "percent_covered_display": "0", "missing_lines": 33, "excluded_lines": 0}, "missing_lines": [7, 8, 9, 11, 14, 16, 19, 22, 23, 24, 25, 26, 27, 28, 29, 30, 32, 33, 38, 45, 50, 55, 60, 67, 71, 77, 83, 84, 85, 93, 94, 95, 108], "excluded_lines": []}}, "classes": {"ViolationRule": {"executed_lines": [], "summary": {"covered_lines": 0, "num_statements": 1, "percent_covered": 0.0, "percent_covered_display": "0", "missing_lines": 1, "excluded_lines": 0}, "missing_lines": [35], "excluded_lines": []}, "ConfigModel": {"executed_lines": [], "summary": {"covered_lines": 0, "num_statements": 9, "percent_covered": 0.0, "percent_covered_display": "0", "missing_lines": 9, "excluded_lines": 0}, "missing_lines": [87, 88, 91, 97, 98, 101, 102, 103, 105], "excluded_lines": []}, "": {"executed_lines": [], "summary": {"covered_lines": 0, "num_statements": 36, "percent_covered": 0.0, "percent_covered_display": "0", "missing_lines": 36, "excluded_lines": 0}, "missing_lines": [7, 8, 9, 11, 14, 16, 19, 22, 23, 24, 25, 26, 27, 28, 29, 30, 32, 33, 38, 45, 50, 55, 60, 67, 71, 77, 83, 84, 85, 93, 94, 95, 108, 122, 123, 124], "excluded_lines": []}}}, "src/zeroth_law/file_finder.py": {"executed_lines": [], "summary": {"covered_lines": 0, "num_statements": 26, "percent_covered": 0.0, "percent_covered_display": "0", "missing_lines": 26, "excluded_lines": 0}, "missing_lines": [9, 15, 28, 36, 70, 71, 72, 73, 76, 77, 79, 80, 81, 82, 83, 86, 88, 89, 90, 91, 94, 97, 98, 100, 103, 109], "excluded_lines": [], "functions": {"find_python_files": {"executed_lines": [], "summary": {"covered_lines": 0, "num_statements": 21, "percent_covered": 0.0, "percent_covered_display": "0", "missing_lines": 21, "excluded_lines": 0}, "missing_lines": [70, 71, 72, 73, 76, 77, 79, 80, 81, 82, 83, 86, 88, 89, 90, 91, 94, 97, 98, 100, 103], "excluded_lines": []}, "": {"executed_lines": [], "summary": {"covered_lines": 0, "num_statements": 5, "percent_covered": 0.0, "percent_covered_display": "0", "missing_lines": 5, "excluded_lines": 0}, "missing_lines": [9, 15, 28, 36, 109], "excluded_lines": []}}, "classes": {"": {"executed_lines": [], "summary": {"covered_lines": 0, "num_statements": 26, "percent_covered": 0.0, "percent_covered_display": "0", "missing_lines": 26, "excluded_lines": 0}, "missing_lines": [9, 15, 28, 36, 70, 71, 72, 73, 76, 77, 79, 80, 81, 82, 83, 86, 88, 89, 90, 91, 94, 97, 98, 100, 103, 109], "excluded_lines": []}}}, "src/zeroth_law/git_utils.py": {"executed_lines": [], "summary": {"covered_lines": 0, "num_statements": 77, "percent_covered": 0.0, "percent_covered_display": "0", "missing_lines": 77, "excluded_lines": 0}, "missing_lines": [4, 5, 6, 7, 9, 12, 30, 31, 38, 39, 40, 41, 42, 43, 44, 47, 62, 63, 71, 72, 73, 74, 75, 76, 77, 78, 79, 80, 83, 100, 101, 102, 103, 104, 105, 106, 107, 108, 109, 110, 111, 114, 118, 229, 232, 248, 249, 250, 252, 253, 254, 256, 257, 258, 259, 260, 261, 262, 263, 264, 265, 267, 270, 288, 289, 290, 297, 298, 299, 300, 301, 302, 304, 305, 306, 308, 309], "excluded_lines": [], "functions": {"find_git_root": {"executed_lines": [], "summary": {"covered_lines": 0, "num_statements": 9, "percent_covered": 0.0, "percent_covered_display": "0", "missing_lines": 9, "excluded_lines": 0}, "missing_lines": [30, 31, 38, 39, 40, 41, 42, 43, 44], "excluded_lines": []}, "get_staged_files": {"executed_lines": [], "summary": {"covered_lines": 0, "num_statements": 12, "percent_covered": 0.0, "percent_covered_display": "0", "missing_lines": 12, "excluded_lines": 0}, "missing_lines": [62, 63, 71, 72, 73, 74, 75, 76, 77, 78, 79, 80], "excluded_lines": []}, "identify_project_roots_from_files": {"executed_lines": [], "summary": {"covered_lines": 0, "num_statements": 12, "percent_covered": 0.0, "percent_covered_display": "0", "missing_lines": 12, "excluded_lines": 0}, "missing_lines": [100, 101, 102, 103, 104, 105, 106, 107, 108, 109, 110, 111], "excluded_lines": []}, "generate_custom_hook_script": {"executed_lines": [], "summary": {"covered_lines": 0, "num_statements": 2, "percent_covered": 0.0, "percent_covered_display": "0", "missing_lines": 2, "excluded_lines": 0}, "missing_lines": [118, 229], "excluded_lines": []}, "install_git_hook_script": {"executed_lines": [], "summary": {"covered_lines": 0, "num_statements": 17, "percent_covered": 0.0, "percent_covered_display": "0", "missing_lines": 17, "excluded_lines": 0}, "missing_lines": [248, 249, 250, 252, 253, 254, 256, 257, 258, 259, 260, 261, 262, 263, 264, 265, 267], "excluded_lines": []}, "restore_git_hooks": {"executed_lines": [], "summary": {"covered_lines": 0, "num_statements": 14, "percent_covered": 0.0, "percent_covered_display": "0", "missing_lines": 14, "excluded_lines": 0}, "missing_lines": [288, 289, 290, 297, 298, 299, 300, 301, 302, 304, 305, 306, 308, 309], "excluded_lines": []}, "": {"executed_lines": [], "summary": {"covered_lines": 0, "num_statements": 11, "percent_covered": 0.0, "percent_covered_display": "0", "missing_lines": 11, "excluded_lines": 0}, "missing_lines": [4, 5, 6, 7, 9, 12, 47, 83, 114, 232, 270], "excluded_lines": []}}, "classes": {"": {"executed_lines": [], "summary": {"covered_lines": 0, "num_statements": 77, "percent_covered": 0.0, "percent_covered_display": "0", "missing_lines": 77, "excluded_lines": 0}, "missing_lines": [4, 5, 6, 7, 9, 12, 30, 31, 38, 39, 40, 41, 42, 43, 44, 47, 62, 63, 71, 72, 73, 74, 75, 76, 77, 78, 79, 80, 83, 100, 101, 102, 103, 104, 105, 106, 107, 108, 109, 110, 111, 114, 118, 229, 232, 248, 249, 250, 252, 253, 254, 256, 257, 258, 259, 260, 261, 262, 263, 264, 265, 267, 270, 288, 289, 290, 297, 298, 299, 300, 301, 302, 304, 305, 306, 308, 309], "excluded_lines": []}}}, "src/zeroth_law/path_utils.py": {"executed_lines": [], "summary": {"covered_lines": 0, "num_statements": 15, "percent_covered": 0.0, "percent_covered_display": "0", "missing_lines": 15, "excluded_lines": 0}, "missing_lines": [4, 5, 7, 10, 20, 21, 22, 23, 24, 25, 27, 28, 30, 31, 32], "excluded_lines": [], "functions": {"find_project_root": {"executed_lines": [], "summary": {"covered_lines": 0, "num_statements": 11, "percent_covered": 0.0, "percent_covered_display": "0", "missing_lines": 11, "excluded_lines": 0}, "missing_lines": [20, 21, 22, 23, 24, 25, 27, 28, 30, 31, 32], "excluded_lines": []}, "": {"executed_lines": [], "summary": {"covered_lines": 0, "num_statements": 4, "percent_covered": 0.0, "percent_covered_display": "0", "missing_lines": 4, "excluded_lines": 0}, "missing_lines": [4, 5, 7, 10], "excluded_lines": []}}, "classes": {"": {"executed_lines": [], "summary": {"covered_lines": 0, "num_statements": 15, "percent_covered": 0.0, "percent_covered_display": "0", "missing_lines": 15, "excluded_lines": 0}, "missing_lines": [4, 5, 7, 10, 20, 21, 22, 23, 24, 25, 27, 28, 30, 31, 32], "excluded_lines": []}}}}, "totals": {"covered_lines": 0, "num_statements": 1252, "percent_covered": 0.0, "percent_covered_display": "0", "missing_lines": 1252, "excluded_lines": 0}}